{"message":"information is required.","level":"error"}
{"message":"instrument is required.","level":"error"}
{"message":"Book with title new request created.","level":"info"}
{"message":"Book with title new request created.","level":"info"}
{"message":"Book with title new request created.","level":"info"}
{"message":"Book with title new request created by user_id 2.","level":"info"}
{"message":"Book with title new request created by user_id 2.","level":"info"}
{"message":"Book with title post test book created by user_id 1.","level":"info"}
{"message":"Book with title post test book created by user_id 1.","level":"info"}
{"message":"Book with title post test book created by user_id 1.","level":"info"}
{"message":"Book with title post test book created by user_id 1.","level":"info"}
{"message":"Book with title post test book created by user_id 1.","level":"info"}
{"message":"Book with title post test book created by user_id 1.","level":"info"}
{"message":"Book with title post test book created by user_id 1.","level":"info"}
{"message":"Book with title post test book created by user_id 1.","level":"info"}
{"message":"Book with title post test book created by user_id 1.","level":"info"}
{"message":"Book with title post test book created by user_id 1.","level":"info"}
{"message":"Book with title post test book created by user_id 1.","level":"info"}
{"message":"Book with title post test book created by user_id 1.","level":"info"}
{"message":"Book with title post test book created by user_id 1.","level":"info"}
{"message":"Book with title post test book created by user_id 1.","level":"info"}
{"message":"Book with title post test book created by user_id 1.","level":"info"}
{"message":"Book with title post test book created by user_id 1.","level":"info"}
{"message":"Book with title post test book created by user_id 1.","level":"info"}
{"message":"Book with title post test book created by user_id 1.","level":"info"}
{"message":"Book with title post test book created by user_id 1.","level":"info"}
{"message":"Book with title post test book created by user_id 1.","level":"info"}
{"message":"Book with title post test book created by user_id 1.","level":"info"}
{"message":"Book with title post test book created by user_id 1.","level":"info"}
{"message":"Book with title post test book created by user_id 1.","level":"info"}
{"message":"Book with title post test book created by user_id 1.","level":"info"}
{"message":"Book with title post test book created by user_id 1.","level":"info"}
{"message":"Book with title post test book created by user_id 1.","level":"info"}
{"message":"Book with title post test book created by user_id 1.","level":"info"}
{"message":"Book with title post test book created by user_id 1.","level":"info"}
{"message":"Book with title post test book created by user_id 1.","level":"info"}
{"message":"Book with title post test book created by user_id 1.","level":"info"}
{"message":"Book with title post test book created by user_id 1.","level":"info"}
{"message":"Book with title post test book created by user_id 1.","level":"info"}
{"message":"Book with title post test book created by user_id 1.","level":"info"}
{"message":"Book with title post test book created by user_id 1.","level":"info"}
{"message":"Book with title post test book created by user_id 1.","level":"info"}
{"message":"Book with title post test book created by user_id 1.","level":"info"}
{"message":"Book with title post test book created by user_id 1.","level":"info"}
{"message":"Book with title post test book created by user_id 1.","level":"info"}
{"message":"Book with title post test book created by user_id 1.","level":"info"}
{"message":"Book with title post test book created by user_id 1.","level":"info"}
{"message":"Book with title post test book created by user_id 1.","level":"info"}
{"message":"Book with title post test book created by user_id 1.","level":"info"}
{"message":"Book with title post test book created by user_id 1.","level":"info"}
{"message":"Book with title post test book created by user_id 1.","level":"info"}
{"message":"Book with title post test book created by user_id 1.","level":"info"}
{"message":"Book with title post test book created by user_id 1.","level":"info"}
{"message":"Book with title post test book created by user_id 1.","level":"info"}
{"message":"Book with title post test book created by user_id 1.","level":"info"}
{"message":"Book with title post test book created by user_id 1.","level":"info"}
{"message":"Book with title post test book created by user_id 1.","level":"info"}
{"message":"Book with title post test book created by user_id 1.","level":"info"}
{"message":"Book with title post test book created by user_id 1.","level":"info"}
{"message":"Book with title post test book created by user_id 1.","level":"info"}
{"message":"Book with title post test book created by user_id 1.","level":"info"}
{"message":"Book with title post test book created by user_id 1.","level":"info"}
{"message":"Book with title post test book created by user_id 1.","level":"info"}
{"message":"Book with title post test book created by user_id 1.","level":"info"}
{"message":"Book with title post test book created by user_id 1.","level":"info"}
{"message":"Book with title post test book created by user_id 1.","level":"info"}
{"message":"Book with title post test book created by user_id 1.","level":"info"}
{"message":"Book with title post test book created by user_id 1.","level":"info"}
{"message":"Book with title post test book created by user_id 1.","level":"info"}
{"message":"Book with title post test book created by user_id 1.","level":"info"}
{"message":"Book with title post test book created by user_id 1.","level":"info"}
{"message":"Book with title post test book created by user_id 1.","level":"info"}
{"message":"Book with title post test book created by user_id 1.","level":"info"}
{"message":"Book with title post test book created by user_id 1.","level":"info"}
{"message":"Book with title post test book created by user_id 1.","level":"info"}
{"message":"title is required.","level":"error"}
{"message":"information is required.","level":"error"}
{"message":"isbn is required.","level":"error"}
{"message":"instrument is required.","level":"error"}
{"message":"year_published is required.","level":"error"}
{"message":"user_id is required.","level":"error"}
{"message":"Review with for book id 1 created by user_id 1.","level":"info"}
{"message":"Review with for book id 1 created by user_id 1.","level":"info"}
{"message":"Book with title post test book created by user_id 1.","level":"info"}
{"message":"Book with title post test book created by user_id 1.","level":"info"}
{"message":"Book with title post test book created by user_id 1.","level":"info"}
{"message":"title is required.","level":"error"}
{"message":"information is required.","level":"error"}
{"message":"isbn is required.","level":"error"}
{"message":"instrument is required.","level":"error"}
{"message":"year_published is required.","level":"error"}
{"message":"user_id is required.","level":"error"}
